# JRE version: OpenJDK Runtime Environment (8.0_202-b03) (build 1.8.0_202-release-1483-b03)
# Java VM: OpenJDK 64-Bit Server VM (25.202-b03 mixed mode windows-amd64 compressed oops)
Heap:
 PSYoungGen      total 121856K, used 67221K [0x00000000e0000000, 0x00000000e9380000, 0x0000000100000000)
  eden space 113664K, 59% used [0x00000000e0000000,0x00000000e41a54d8,0x00000000e6f00000)
  from space 8192K, 0% used [0x00000000e8b80000,0x00000000e8b80000,0x00000000e9380000)
  to   space 11264K, 0% used [0x00000000e7d80000,0x00000000e7d80000,0x00000000e8880000)
 ParOldGen       total 72192K, used 14879K [0x00000000a0000000, 0x00000000a4680000, 0x00000000e0000000)
  object space 72192K, 20% used [0x00000000a0000000,0x00000000a0e87dd8,0x00000000a4680000)
 Metaspace       used 42181K, capacity 43024K, committed 43352K, reserved 1087488K
  class space    used 5707K, capacity 5936K, committed 6016K, reserved 1048576K
GC Heap History (10 events):
Event: 12.712 GC heap before
{Heap before GC invocations=6 (full 1):
 PSYoungGen      total 70656K, used 5103K [0x00000000e0000000, 0x00000000e9700000, 0x0000000100000000)
  eden space 65536K, 0% used [0x00000000e0000000,0x00000000e0000000,0x00000000e4000000)
  from space 5120K, 99% used [0x00000000e4000000,0x00000000e44fbd98,0x00000000e4500000)
  to   space 11776K, 0% used [0x00000000e8b80000,0x00000000e8b80000,0x00000000e9700000)
 ParOldGen       total 86016K, used 9988K [0x00000000a0000000, 0x00000000a5400000, 0x00000000e0000000)
  object space 86016K, 11% used [0x00000000a0000000,0x00000000a09c11d8,0x00000000a5400000)
 Metaspace       used 20727K, capacity 21108K, committed 21248K, reserved 1067008K
  class space    used 2916K, capacity 3062K, committed 3072K, reserved 1048576K
Event: 12.776 GC heap after
Heap after GC invocations=6 (full 1):
 PSYoungGen      total 70656K, used 0K [0x00000000e0000000, 0x00000000e9700000, 0x0000000100000000)
  eden space 65536K, 0% used [0x00000000e0000000,0x00000000e0000000,0x00000000e4000000)
  from space 5120K, 0% used [0x00000000e4000000,0x00000000e4000000,0x00000000e4500000)
  to   space 11776K, 0% used [0x00000000e8b80000,0x00000000e8b80000,0x00000000e9700000)
 ParOldGen       total 60416K, used 10508K [0x00000000a0000000, 0x00000000a3b00000, 0x00000000e0000000)
  object space 60416K, 17% used [0x00000000a0000000,0x00000000a0a433f0,0x00000000a3b00000)
 Metaspace       used 20727K, capacity 21108K, committed 21248K, reserved 1067008K
  class space    used 2916K, capacity 3062K, committed 3072K, reserved 1048576K
}
Event: 16.175 GC heap before
{Heap before GC invocations=7 (full 1):
 PSYoungGen      total 70656K, used 65536K [0x00000000e0000000, 0x00000000e9700000, 0x0000000100000000)
  eden space 65536K, 100% used [0x00000000e0000000,0x00000000e4000000,0x00000000e4000000)
  from space 5120K, 0% used [0x00000000e4000000,0x00000000e4000000,0x00000000e4500000)
  to   space 11776K, 0% used [0x00000000e8b80000,0x00000000e8b80000,0x00000000e9700000)
 ParOldGen       total 60416K, used 10508K [0x00000000a0000000, 0x00000000a3b00000, 0x00000000e0000000)
  object space 60416K, 17% used [0x00000000a0000000,0x00000000a0a433f0,0x00000000a3b00000)
 Metaspace       used 28661K, capacity 29044K, committed 29440K, reserved 1075200K
  class space    used 3860K, capacity 4011K, committed 4096K, reserved 1048576K
Event: 16.259 GC heap after
Heap after GC invocations=7 (full 1):
 PSYoungGen      total 121856K, used 7816K [0x00000000e0000000, 0x00000000e9380000, 0x0000000100000000)
  eden space 113664K, 0% used [0x00000000e0000000,0x00000000e0000000,0x00000000e6f00000)
  from space 8192K, 95% used [0x00000000e8b80000,0x00000000e9322128,0x00000000e9380000)
  to   space 11264K, 0% used [0x00000000e7d80000,0x00000000e7d80000,0x00000000e8880000)
 ParOldGen       total 60416K, used 10516K [0x00000000a0000000, 0x00000000a3b00000, 0x00000000e0000000)
  object space 60416K, 17% used [0x00000000a0000000,0x00000000a0a453f0,0x00000000a3b00000)
 Metaspace       used 28661K, capacity 29044K, committed 29440K, reserved 1075200K
  class space    used 3860K, capacity 4011K, committed 4096K, reserved 1048576K
}
Event: 20.865 GC heap before
{Heap before GC invocations=8 (full 1):
 PSYoungGen      total 121856K, used 121480K [0x00000000e0000000, 0x00000000e9380000, 0x0000000100000000)
  eden space 113664K, 100% used [0x00000000e0000000,0x00000000e6f00000,0x00000000e6f00000)
  from space 8192K, 95% used [0x00000000e8b80000,0x00000000e9322128,0x00000000e9380000)
  to   space 11264K, 0% used [0x00000000e7d80000,0x00000000e7d80000,0x00000000e8880000)
 ParOldGen       total 60416K, used 10516K [0x00000000a0000000, 0x00000000a3b00000, 0x00000000e0000000)
  object space 60416K, 17% used [0x00000000a0000000,0x00000000a0a453f0,0x00000000a3b00000)
 Metaspace       used 34404K, capacity 34990K, committed 35200K, reserved 1079296K
  class space    used 4749K, capacity 4908K, committed 4992K, reserved 1048576K
Event: 20.893 GC heap after
Heap after GC invocations=8 (full 1):
 PSYoungGen      total 124928K, used 11253K [0x00000000e0000000, 0x00000000e9380000, 0x0000000100000000)
  eden space 113664K, 0% used [0x00000000e0000000,0x00000000e0000000,0x00000000e6f00000)
  from space 11264K, 99% used [0x00000000e7d80000,0x00000000e887d560,0x00000000e8880000)
  to   space 8192K, 0% used [0x00000000e8b80000,0x00000000e8b80000,0x00000000e9380000)
 ParOldGen       total 60416K, used 12697K [0x00000000a0000000, 0x00000000a3b00000, 0x00000000e0000000)
  object space 60416K, 21% used [0x00000000a0000000,0x00000000a0c66790,0x00000000a3b00000)
 Metaspace       used 34404K, capacity 34990K, committed 35200K, reserved 1079296K
  class space    used 4749K, capacity 4908K, committed 4992K, reserved 1048576K
}
Event: 20.942 GC heap before
{Heap before GC invocations=9 (full 1):
 PSYoungGen      total 124928K, used 13405K [0x00000000e0000000, 0x00000000e9380000, 0x0000000100000000)
  eden space 113664K, 1% used [0x00000000e0000000,0x00000000e0219f60,0x00000000e6f00000)
  from space 11264K, 99% used [0x00000000e7d80000,0x00000000e887d560,0x00000000e8880000)
  to   space 8192K, 0% used [0x00000000e8b80000,0x00000000e8b80000,0x00000000e9380000)
 ParOldGen       total 60416K, used 12697K [0x00000000a0000000, 0x00000000a3b00000, 0x00000000e0000000)
  object space 60416K, 21% used [0x00000000a0000000,0x00000000a0c66790,0x00000000a3b00000)
 Metaspace       used 34631K, capacity 35214K, committed 35416K, reserved 1079296K
  class space    used 4759K, capacity 4940K, committed 4992K, reserved 1048576K
Event: 20.953 GC heap after
Heap after GC invocations=9 (full 1):
 PSYoungGen      total 121856K, used 8165K [0x00000000e0000000, 0x00000000e9380000, 0x0000000100000000)
  eden space 113664K, 0% used [0x00000000e0000000,0x00000000e0000000,0x00000000e6f00000)
  from space 8192K, 99% used [0x00000000e8b80000,0x00000000e9379678,0x00000000e9380000)
  to   space 11264K, 0% used [0x00000000e7d80000,0x00000000e7d80000,0x00000000e8880000)
 ParOldGen       total 60416K, used 12705K [0x00000000a0000000, 0x00000000a3b00000, 0x00000000e0000000)
  object space 60416K, 21% used [0x00000000a0000000,0x00000000a0c68790,0x00000000a3b00000)
 Metaspace       used 34631K, capacity 35214K, committed 35416K, reserved 1079296K
  class space    used 4759K, capacity 4940K, committed 4992K, reserved 1048576K
}
Event: 20.953 GC heap before
{Heap before GC invocations=10 (full 2):
 PSYoungGen      total 121856K, used 8165K [0x00000000e0000000, 0x00000000e9380000, 0x0000000100000000)
  eden space 113664K, 0% used [0x00000000e0000000,0x00000000e0000000,0x00000000e6f00000)
  from space 8192K, 99% used [0x00000000e8b80000,0x00000000e9379678,0x00000000e9380000)
  to   space 11264K, 0% used [0x00000000e7d80000,0x00000000e7d80000,0x00000000e8880000)
 ParOldGen       total 60416K, used 12705K [0x00000000a0000000, 0x00000000a3b00000, 0x00000000e0000000)
  object space 60416K, 21% used [0x00000000a0000000,0x00000000a0c68790,0x00000000a3b00000)
 Metaspace       used 34631K, capacity 35214K, committed 35416K, reserved 1079296K
  class space    used 4759K, capacity 4940K, committed 4992K, reserved 1048576K
Event: 21.095 GC heap after
Heap after GC invocations=10 (full 2):
 PSYoungGen      total 121856K, used 0K [0x00000000e0000000, 0x00000000e9380000, 0x0000000100000000)
  eden space 113664K, 0% used [0x00000000e0000000,0x00000000e0000000,0x00000000e6f00000)
  from space 8192K, 0% used [0x00000000e8b80000,0x00000000e8b80000,0x00000000e9380000)
  to   space 11264K, 0% used [0x00000000e7d80000,0x00000000e7d80000,0x00000000e8880000)
 ParOldGen       total 72192K, used 14879K [0x00000000a0000000, 0x00000000a4680000, 0x00000000e0000000)
  object space 72192K, 20% used [0x00000000a0000000,0x00000000a0e87dd8,0x00000000a4680000)
 Metaspace       used 34619K, capacity 35172K, committed 35416K, reserved 1079296K
  class space    used 4755K, capacity 4933K, committed 4992K, reserved 1048576K
}

