# JRE version: OpenJDK Runtime Environment (8.0_212-b04) (build 1.8.0_212-release-1586-b04)
# Java VM: OpenJDK 64-Bit Server VM (25.212-b04 mixed mode windows-amd64 compressed oops)
Heap:
 PSYoungGen      total 452096K, used 300979K [0x00000000e0000000, 0x00000000ffe00000, 0x0000000100000000)
  eden space 429568K, 68% used [0x00000000e0000000,0x00000000f1e4b908,0x00000000fa380000)
  from space 22528K, 34% used [0x00000000fa380000,0x00000000fab21488,0x00000000fb980000)
  to   space 21504K, 0% used [0x00000000fe900000,0x00000000fe900000,0x00000000ffe00000)
 ParOldGen       total 147456K, used 65641K [0x00000000a0000000, 0x00000000a9000000, 0x00000000e0000000)
  object space 147456K, 44% used [0x00000000a0000000,0x00000000a401a528,0x00000000a9000000)
 Metaspace       used 103562K, capacity 107750K, committed 108160K, reserved 1142784K
  class space    used 13189K, capacity 14035K, committed 14208K, reserved 1048576K
GC Heap History (10 events):
Event: 10073.242 GC heap before
{Heap before GC invocations=25 (full 4):
 PSYoungGen      total 306688K, used 291321K [0x00000000e0000000, 0x00000000f4c00000, 0x0000000100000000)
  eden space 281088K, 100% used [0x00000000e0000000,0x00000000f1280000,0x00000000f1280000)
  from space 25600K, 39% used [0x00000000f2a80000,0x00000000f347e508,0x00000000f4380000)
  to   space 24576K, 0% used [0x00000000f1280000,0x00000000f1280000,0x00000000f2a80000)
 ParOldGen       total 147456K, used 50473K [0x00000000a0000000, 0x00000000a9000000, 0x00000000e0000000)
  object space 147456K, 34% used [0x00000000a0000000,0x00000000a314a6b0,0x00000000a9000000)
 Metaspace       used 103314K, capacity 107510K, committed 108160K, reserved 1142784K
  class space    used 13186K, capacity 14033K, committed 14208K, reserved 1048576K
Event: 10073.309 GC heap after
Heap after GC invocations=25 (full 4):
 PSYoungGen      total 305664K, used 7771K [0x00000000e0000000, 0x00000000f7c80000, 0x0000000100000000)
  eden space 281088K, 0% used [0x00000000e0000000,0x00000000e0000000,0x00000000f1280000)
  from space 24576K, 31% used [0x00000000f1280000,0x00000000f1a16fb8,0x00000000f2a80000)
  to   space 23552K, 0% used [0x00000000f6580000,0x00000000f6580000,0x00000000f7c80000)
 ParOldGen       total 147456K, used 50473K [0x00000000a0000000, 0x00000000a9000000, 0x00000000e0000000)
  object space 147456K, 34% used [0x00000000a0000000,0x00000000a314a6b0,0x00000000a9000000)
 Metaspace       used 103314K, capacity 107510K, committed 108160K, reserved 1142784K
  class space    used 13186K, capacity 14033K, committed 14208K, reserved 1048576K
}
Event: 10075.003 GC heap before
{Heap before GC invocations=26 (full 4):
 PSYoungGen      total 305664K, used 288859K [0x00000000e0000000, 0x00000000f7c80000, 0x0000000100000000)
  eden space 281088K, 100% used [0x00000000e0000000,0x00000000f1280000,0x00000000f1280000)
  from space 24576K, 31% used [0x00000000f1280000,0x00000000f1a16fb8,0x00000000f2a80000)
  to   space 23552K, 0% used [0x00000000f6580000,0x00000000f6580000,0x00000000f7c80000)
 ParOldGen       total 147456K, used 50473K [0x00000000a0000000, 0x00000000a9000000, 0x00000000e0000000)
  object space 147456K, 34% used [0x00000000a0000000,0x00000000a314a6b0,0x00000000a9000000)
 Metaspace       used 103389K, capacity 107594K, committed 108160K, reserved 1142784K
  class space    used 13187K, capacity 14035K, committed 14208K, reserved 1048576K
Event: 10075.043 GC heap after
Heap after GC invocations=26 (full 4):
 PSYoungGen      total 366592K, used 6732K [0x00000000e0000000, 0x00000000f8180000, 0x0000000100000000)
  eden space 343040K, 0% used [0x00000000e0000000,0x00000000e0000000,0x00000000f4f00000)
  from space 23552K, 28% used [0x00000000f6580000,0x00000000f6c130c8,0x00000000f7c80000)
  to   space 23040K, 0% used [0x00000000f4f00000,0x00000000f4f00000,0x00000000f6580000)
 ParOldGen       total 147456K, used 55123K [0x00000000a0000000, 0x00000000a9000000, 0x00000000e0000000)
  object space 147456K, 37% used [0x00000000a0000000,0x00000000a35d4ca8,0x00000000a9000000)
 Metaspace       used 103389K, capacity 107594K, committed 108160K, reserved 1142784K
  class space    used 13187K, capacity 14035K, committed 14208K, reserved 1048576K
}
Event: 10076.799 GC heap before
{Heap before GC invocations=27 (full 4):
 PSYoungGen      total 366592K, used 349772K [0x00000000e0000000, 0x00000000f8180000, 0x0000000100000000)
  eden space 343040K, 100% used [0x00000000e0000000,0x00000000f4f00000,0x00000000f4f00000)
  from space 23552K, 28% used [0x00000000f6580000,0x00000000f6c130c8,0x00000000f7c80000)
  to   space 23040K, 0% used [0x00000000f4f00000,0x00000000f4f00000,0x00000000f6580000)
 ParOldGen       total 147456K, used 55123K [0x00000000a0000000, 0x00000000a9000000, 0x00000000e0000000)
  object space 147456K, 37% used [0x00000000a0000000,0x00000000a35d4ca8,0x00000000a9000000)
 Metaspace       used 103501K, capacity 107678K, committed 108160K, reserved 1142784K
  class space    used 13187K, capacity 14035K, committed 14208K, reserved 1048576K
Event: 10076.836 GC heap after
Heap after GC invocations=27 (full 4):
 PSYoungGen      total 366080K, used 12224K [0x00000000e0000000, 0x00000000fcf80000, 0x0000000100000000)
  eden space 343040K, 0% used [0x00000000e0000000,0x00000000e0000000,0x00000000f4f00000)
  from space 23040K, 53% used [0x00000000f4f00000,0x00000000f5af03c0,0x00000000f6580000)
  to   space 22528K, 0% used [0x00000000fb980000,0x00000000fb980000,0x00000000fcf80000)
 ParOldGen       total 147456K, used 55435K [0x00000000a0000000, 0x00000000a9000000, 0x00000000e0000000)
  object space 147456K, 37% used [0x00000000a0000000,0x00000000a3622ca8,0x00000000a9000000)
 Metaspace       used 103501K, capacity 107678K, committed 108160K, reserved 1142784K
  class space    used 13187K, capacity 14035K, committed 14208K, reserved 1048576K
}
Event: 10078.991 GC heap before
{Heap before GC invocations=28 (full 4):
 PSYoungGen      total 366080K, used 355264K [0x00000000e0000000, 0x00000000fcf80000, 0x0000000100000000)
  eden space 343040K, 100% used [0x00000000e0000000,0x00000000f4f00000,0x00000000f4f00000)
  from space 23040K, 53% used [0x00000000f4f00000,0x00000000f5af03c0,0x00000000f6580000)
  to   space 22528K, 0% used [0x00000000fb980000,0x00000000fb980000,0x00000000fcf80000)
 ParOldGen       total 147456K, used 55435K [0x00000000a0000000, 0x00000000a9000000, 0x00000000e0000000)
  object space 147456K, 37% used [0x00000000a0000000,0x00000000a3622ca8,0x00000000a9000000)
 Metaspace       used 103527K, capacity 107746K, committed 108160K, reserved 1142784K
  class space    used 13187K, capacity 14035K, committed 14208K, reserved 1048576K
Event: 10079.083 GC heap after
Heap after GC invocations=28 (full 4):
 PSYoungGen      total 452096K, used 3954K [0x00000000e0000000, 0x00000000fda00000, 0x0000000100000000)
  eden space 429568K, 0% used [0x00000000e0000000,0x00000000e0000000,0x00000000fa380000)
  from space 22528K, 17% used [0x00000000fb980000,0x00000000fbd5cbb0,0x00000000fcf80000)
  to   space 22528K, 0% used [0x00000000fa380000,0x00000000fa380000,0x00000000fb980000)
 ParOldGen       total 147456K, used 62993K [0x00000000a0000000, 0x00000000a9000000, 0x00000000e0000000)
  object space 147456K, 42% used [0x00000000a0000000,0x00000000a3d84798,0x00000000a9000000)
 Metaspace       used 103527K, capacity 107746K, committed 108160K, reserved 1142784K
  class space    used 13187K, capacity 14035K, committed 14208K, reserved 1048576K
}
Event: 10081.041 GC heap before
{Heap before GC invocations=29 (full 4):
 PSYoungGen      total 452096K, used 433522K [0x00000000e0000000, 0x00000000fda00000, 0x0000000100000000)
  eden space 429568K, 100% used [0x00000000e0000000,0x00000000fa380000,0x00000000fa380000)
  from space 22528K, 17% used [0x00000000fb980000,0x00000000fbd5cbb0,0x00000000fcf80000)
  to   space 22528K, 0% used [0x00000000fa380000,0x00000000fa380000,0x00000000fb980000)
 ParOldGen       total 147456K, used 62993K [0x00000000a0000000, 0x00000000a9000000, 0x00000000e0000000)
  object space 147456K, 42% used [0x00000000a0000000,0x00000000a3d84798,0x00000000a9000000)
 Metaspace       used 103542K, capacity 107750K, committed 108160K, reserved 1142784K
  class space    used 13188K, capacity 14035K, committed 14208K, reserved 1048576K
Event: 10081.131 GC heap after
Heap after GC invocations=29 (full 4):
 PSYoungGen      total 452096K, used 7813K [0x00000000e0000000, 0x00000000ffe00000, 0x0000000100000000)
  eden space 429568K, 0% used [0x00000000e0000000,0x00000000e0000000,0x00000000fa380000)
  from space 22528K, 34% used [0x00000000fa380000,0x00000000fab21488,0x00000000fb980000)
  to   space 21504K, 0% used [0x00000000fe900000,0x00000000fe900000,0x00000000ffe00000)
 ParOldGen       total 147456K, used 65641K [0x00000000a0000000, 0x00000000a9000000, 0x00000000e0000000)
  object space 147456K, 44% used [0x00000000a0000000,0x00000000a401a528,0x00000000a9000000)
 Metaspace       used 103542K, capacity 107750K, committed 108160K, reserved 1142784K
  class space    used 13188K, capacity 14035K, committed 14208K, reserved 1048576K
}

