# JRE version: OpenJDK Runtime Environment (8.0_212-b04) (build 1.8.0_212-release-1586-b04)
# Java VM: OpenJDK 64-Bit Server VM (25.212-b04 mixed mode windows-amd64 compressed oops)
Heap:
 PSYoungGen      total 81408K, used 9493K [0x00000000e0000000, 0x00000000e5a00000, 0x0000000100000000)
  eden space 71168K, 1% used [0x00000000e0000000,0x00000000e0161768,0x00000000e4580000)
  from space 10240K, 78% used [0x00000000e4580000,0x00000000e4d63d98,0x00000000e4f80000)
  to   space 10752K, 0% used [0x00000000e4f80000,0x00000000e4f80000,0x00000000e5a00000)
 ParOldGen       total 59904K, used 20237K [0x00000000a0000000, 0x00000000a3a80000, 0x00000000e0000000)
  object space 59904K, 33% used [0x00000000a0000000,0x00000000a13c37a8,0x00000000a3a80000)
 Metaspace       used 48231K, capacity 49568K, committed 49920K, reserved 1091584K
  class space    used 6461K, capacity 6815K, committed 6912K, reserved 1048576K
GC Heap History (10 events):
Event: 14.329 GC heap after
Heap after GC invocations=10 (full 1):
 PSYoungGen      total 60416K, used 7053K [0x00000000e0000000, 0x00000000e5a00000, 0x0000000100000000)
  eden space 49664K, 0% used [0x00000000e0000000,0x00000000e0000000,0x00000000e3080000)
  from space 10752K, 65% used [0x00000000e3080000,0x00000000e3763788,0x00000000e3b00000)
  to   space 10752K, 0% used [0x00000000e4f80000,0x00000000e4f80000,0x00000000e5a00000)
 ParOldGen       total 59904K, used 9704K [0x00000000a0000000, 0x00000000a3a80000, 0x00000000e0000000)
  object space 59904K, 16% used [0x00000000a0000000,0x00000000a097a088,0x00000000a3a80000)
 Metaspace       used 31099K, capacity 31684K, committed 31872K, reserved 1077248K
  class space    used 4237K, capacity 4431K, committed 4480K, reserved 1048576K
}
Event: 15.131 GC heap before
{Heap before GC invocations=11 (full 1):
 PSYoungGen      total 60416K, used 56717K [0x00000000e0000000, 0x00000000e5a00000, 0x0000000100000000)
  eden space 49664K, 100% used [0x00000000e0000000,0x00000000e3080000,0x00000000e3080000)
  from space 10752K, 65% used [0x00000000e3080000,0x00000000e3763788,0x00000000e3b00000)
  to   space 10752K, 0% used [0x00000000e4f80000,0x00000000e4f80000,0x00000000e5a00000)
 ParOldGen       total 59904K, used 9704K [0x00000000a0000000, 0x00000000a3a80000, 0x00000000e0000000)
  object space 59904K, 16% used [0x00000000a0000000,0x00000000a097a088,0x00000000a3a80000)
 Metaspace       used 33508K, capacity 34078K, committed 34304K, reserved 1079296K
  class space    used 4597K, capacity 4814K, committed 4864K, reserved 1048576K
Event: 15.146 GC heap after
Heap after GC invocations=11 (full 1):
 PSYoungGen      total 81920K, used 4876K [0x00000000e0000000, 0x00000000e5a00000, 0x0000000100000000)
  eden space 71168K, 0% used [0x00000000e0000000,0x00000000e0000000,0x00000000e4580000)
  from space 10752K, 45% used [0x00000000e4f80000,0x00000000e54430e0,0x00000000e5a00000)
  to   space 10240K, 0% used [0x00000000e4580000,0x00000000e4580000,0x00000000e4f80000)
 ParOldGen       total 59904K, used 13104K [0x00000000a0000000, 0x00000000a3a80000, 0x00000000e0000000)
  object space 59904K, 21% used [0x00000000a0000000,0x00000000a0ccc0a8,0x00000000a3a80000)
 Metaspace       used 33508K, capacity 34078K, committed 34304K, reserved 1079296K
  class space    used 4597K, capacity 4814K, committed 4864K, reserved 1048576K
}
Event: 18.877 GC heap before
{Heap before GC invocations=12 (full 1):
 PSYoungGen      total 81920K, used 36853K [0x00000000e0000000, 0x00000000e5a00000, 0x0000000100000000)
  eden space 71168K, 44% used [0x00000000e0000000,0x00000000e1f3a460,0x00000000e4580000)
  from space 10752K, 45% used [0x00000000e4f80000,0x00000000e54430e0,0x00000000e5a00000)
  to   space 10240K, 0% used [0x00000000e4580000,0x00000000e4580000,0x00000000e4f80000)
 ParOldGen       total 59904K, used 13104K [0x00000000a0000000, 0x00000000a3a80000, 0x00000000e0000000)
  object space 59904K, 21% used [0x00000000a0000000,0x00000000a0ccc0a8,0x00000000a3a80000)
 Metaspace       used 34592K, capacity 35418K, committed 35456K, reserved 1079296K
  class space    used 4749K, capacity 4958K, committed 4992K, reserved 1048576K
Event: 18.891 GC heap after
Heap after GC invocations=12 (full 1):
 PSYoungGen      total 81408K, used 3045K [0x00000000e0000000, 0x00000000e5a00000, 0x0000000100000000)
  eden space 71168K, 0% used [0x00000000e0000000,0x00000000e0000000,0x00000000e4580000)
  from space 10240K, 29% used [0x00000000e4580000,0x00000000e48794c8,0x00000000e4f80000)
  to   space 10752K, 0% used [0x00000000e4f80000,0x00000000e4f80000,0x00000000e5a00000)
 ParOldGen       total 59904K, used 15510K [0x00000000a0000000, 0x00000000a3a80000, 0x00000000e0000000)
  object space 59904K, 25% used [0x00000000a0000000,0x00000000a0f25818,0x00000000a3a80000)
 Metaspace       used 34592K, capacity 35418K, committed 35456K, reserved 1079296K
  class space    used 4749K, capacity 4958K, committed 4992K, reserved 1048576K
}
Event: 18.891 GC heap before
{Heap before GC invocations=13 (full 2):
 PSYoungGen      total 81408K, used 3045K [0x00000000e0000000, 0x00000000e5a00000, 0x0000000100000000)
  eden space 71168K, 0% used [0x00000000e0000000,0x00000000e0000000,0x00000000e4580000)
  from space 10240K, 29% used [0x00000000e4580000,0x00000000e48794c8,0x00000000e4f80000)
  to   space 10752K, 0% used [0x00000000e4f80000,0x00000000e4f80000,0x00000000e5a00000)
 ParOldGen       total 59904K, used 15510K [0x00000000a0000000, 0x00000000a3a80000, 0x00000000e0000000)
  object space 59904K, 25% used [0x00000000a0000000,0x00000000a0f25818,0x00000000a3a80000)
 Metaspace       used 34592K, capacity 35418K, committed 35456K, reserved 1079296K
  class space    used 4749K, capacity 4958K, committed 4992K, reserved 1048576K
Event: 18.984 GC heap after
Heap after GC invocations=13 (full 2):
 PSYoungGen      total 81408K, used 0K [0x00000000e0000000, 0x00000000e5a00000, 0x0000000100000000)
  eden space 71168K, 0% used [0x00000000e0000000,0x00000000e0000000,0x00000000e4580000)
  from space 10240K, 0% used [0x00000000e4580000,0x00000000e4580000,0x00000000e4f80000)
  to   space 10752K, 0% used [0x00000000e4f80000,0x00000000e4f80000,0x00000000e5a00000)
 ParOldGen       total 59904K, used 15721K [0x00000000a0000000, 0x00000000a3a80000, 0x00000000e0000000)
  object space 59904K, 26% used [0x00000000a0000000,0x00000000a0f5a760,0x00000000a3a80000)
 Metaspace       used 34590K, capacity 35412K, committed 35456K, reserved 1079296K
  class space    used 4749K, capacity 4957K, committed 4992K, reserved 1048576K
}
Event: 24.629 GC heap before
{Heap before GC invocations=14 (full 2):
 PSYoungGen      total 81408K, used 71038K [0x00000000e0000000, 0x00000000e5a00000, 0x0000000100000000)
  eden space 71168K, 99% used [0x00000000e0000000,0x00000000e455f998,0x00000000e4580000)
  from space 10240K, 0% used [0x00000000e4580000,0x00000000e4580000,0x00000000e4f80000)
  to   space 10752K, 0% used [0x00000000e4f80000,0x00000000e4f80000,0x00000000e5a00000)
 ParOldGen       total 59904K, used 15721K [0x00000000a0000000, 0x00000000a3a80000, 0x00000000e0000000)
  object space 59904K, 26% used [0x00000000a0000000,0x00000000a0f5a760,0x00000000a3a80000)
 Metaspace       used 42816K, capacity 43858K, committed 44032K, reserved 1087488K
  class space    used 5785K, capacity 6085K, committed 6144K, reserved 1048576K
Event: 24.643 GC heap after
Heap after GC invocations=14 (full 2):
 PSYoungGen      total 81920K, used 10400K [0x00000000e0000000, 0x00000000e5a00000, 0x0000000100000000)
  eden space 71168K, 0% used [0x00000000e0000000,0x00000000e0000000,0x00000000e4580000)
  from space 10752K, 96% used [0x00000000e4f80000,0x00000000e59a82b0,0x00000000e5a00000)
  to   space 10240K, 0% used [0x00000000e4580000,0x00000000e4580000,0x00000000e4f80000)
 ParOldGen       total 59904K, used 15729K [0x00000000a0000000, 0x00000000a3a80000, 0x00000000e0000000)
  object space 59904K, 26% used [0x00000000a0000000,0x00000000a0f5c760,0x00000000a3a80000)
 Metaspace       used 42816K, capacity 43858K, committed 44032K, reserved 1087488K
  class space    used 5785K, capacity 6085K, committed 6144K, reserved 1048576K
}
Event: 26.696 GC heap before
{Heap before GC invocations=15 (full 2):
 PSYoungGen      total 81920K, used 81568K [0x00000000e0000000, 0x00000000e5a00000, 0x0000000100000000)
  eden space 71168K, 100% used [0x00000000e0000000,0x00000000e4580000,0x00000000e4580000)
  from space 10752K, 96% used [0x00000000e4f80000,0x00000000e59a82b0,0x00000000e5a00000)
  to   space 10240K, 0% used [0x00000000e4580000,0x00000000e4580000,0x00000000e4f80000)
 ParOldGen       total 59904K, used 15729K [0x00000000a0000000, 0x00000000a3a80000, 0x00000000e0000000)
  object space 59904K, 26% used [0x00000000a0000000,0x00000000a0f5c760,0x00000000a3a80000)
 Metaspace       used 48167K, capacity 49504K, committed 49664K, reserved 1091584K
  class space    used 6455K, capacity 6815K, committed 6912K, reserved 1048576K

