# JRE version: OpenJDK Runtime Environment (8.0_202-b03) (build 1.8.0_202-release-1483-b03)
# Java VM: OpenJDK 64-Bit Server VM (25.202-b03 mixed mode windows-amd64 compressed oops)
Heap:
 PSYoungGen      total 75776K, used 65673K [0x00000000e0000000, 0x00000000e5400000, 0x0000000100000000)
  eden space 65536K, 84% used [0x00000000e0000000,0x00000000e362a138,0x00000000e4000000)
  from space 10240K, 99% used [0x00000000e4a00000,0x00000000e53f8688,0x00000000e5400000)
  to   space 10240K, 0% used [0x00000000e4000000,0x00000000e4000000,0x00000000e4a00000)
 ParOldGen       total 59392K, used 18294K [0x00000000a0000000, 0x00000000a3a00000, 0x00000000e0000000)
  object space 59392K, 30% used [0x00000000a0000000,0x00000000a11ddbd0,0x00000000a3a00000)
 Metaspace       used 45695K, capacity 46730K, committed 46976K, reserved 1089536K
  class space    used 6172K, capacity 6456K, committed 6528K, reserved 1048576K
GC Heap History (10 events):
Event: 7.874 GC heap before
{Heap before GC invocations=8 (full 1):
 PSYoungGen      total 75776K, used 65536K [0x00000000e0000000, 0x00000000e5400000, 0x0000000100000000)
  eden space 65536K, 100% used [0x00000000e0000000,0x00000000e4000000,0x00000000e4000000)
  from space 10240K, 0% used [0x00000000e4a00000,0x00000000e4a00000,0x00000000e5400000)
  to   space 10240K, 0% used [0x00000000e4000000,0x00000000e4000000,0x00000000e4a00000)
 ParOldGen       total 59392K, used 8495K [0x00000000a0000000, 0x00000000a3a00000, 0x00000000e0000000)
  object space 59392K, 14% used [0x00000000a0000000,0x00000000a084bd60,0x00000000a3a00000)
 Metaspace       used 28925K, capacity 29474K, committed 29696K, reserved 1075200K
  class space    used 3902K, capacity 4096K, committed 4096K, reserved 1048576K
Event: 7.896 GC heap after
Heap after GC invocations=8 (full 1):
 PSYoungGen      total 75776K, used 7916K [0x00000000e0000000, 0x00000000e5400000, 0x0000000100000000)
  eden space 65536K, 0% used [0x00000000e0000000,0x00000000e0000000,0x00000000e4000000)
  from space 10240K, 77% used [0x00000000e4000000,0x00000000e47bb2d8,0x00000000e4a00000)
  to   space 10240K, 0% used [0x00000000e4a00000,0x00000000e4a00000,0x00000000e5400000)
 ParOldGen       total 59392K, used 8503K [0x00000000a0000000, 0x00000000a3a00000, 0x00000000e0000000)
  object space 59392K, 14% used [0x00000000a0000000,0x00000000a084dd60,0x00000000a3a00000)
 Metaspace       used 28925K, capacity 29474K, committed 29696K, reserved 1075200K
  class space    used 3902K, capacity 4096K, committed 4096K, reserved 1048576K
}
Event: 9.609 GC heap before
{Heap before GC invocations=9 (full 1):
 PSYoungGen      total 75776K, used 73452K [0x00000000e0000000, 0x00000000e5400000, 0x0000000100000000)
  eden space 65536K, 100% used [0x00000000e0000000,0x00000000e4000000,0x00000000e4000000)
  from space 10240K, 77% used [0x00000000e4000000,0x00000000e47bb2d8,0x00000000e4a00000)
  to   space 10240K, 0% used [0x00000000e4a00000,0x00000000e4a00000,0x00000000e5400000)
 ParOldGen       total 59392K, used 8503K [0x00000000a0000000, 0x00000000a3a00000, 0x00000000e0000000)
  object space 59392K, 14% used [0x00000000a0000000,0x00000000a084dd60,0x00000000a3a00000)
 Metaspace       used 32230K, capacity 32710K, committed 33152K, reserved 1077248K
  class space    used 4440K, capacity 4620K, committed 4736K, reserved 1048576K
Event: 9.618 GC heap after
Heap after GC invocations=9 (full 1):
 PSYoungGen      total 75776K, used 8582K [0x00000000e0000000, 0x00000000e5400000, 0x0000000100000000)
  eden space 65536K, 0% used [0x00000000e0000000,0x00000000e0000000,0x00000000e4000000)
  from space 10240K, 83% used [0x00000000e4a00000,0x00000000e5261a10,0x00000000e5400000)
  to   space 10240K, 0% used [0x00000000e4000000,0x00000000e4000000,0x00000000e4a00000)
 ParOldGen       total 59392K, used 8511K [0x00000000a0000000, 0x00000000a3a00000, 0x00000000e0000000)
  object space 59392K, 14% used [0x00000000a0000000,0x00000000a084fd60,0x00000000a3a00000)
 Metaspace       used 32230K, capacity 32710K, committed 33152K, reserved 1077248K
  class space    used 4440K, capacity 4620K, committed 4736K, reserved 1048576K
}
Event: 11.312 GC heap before
{Heap before GC invocations=10 (full 1):
 PSYoungGen      total 75776K, used 58809K [0x00000000e0000000, 0x00000000e5400000, 0x0000000100000000)
  eden space 65536K, 76% used [0x00000000e0000000,0x00000000e310ccc8,0x00000000e4000000)
  from space 10240K, 83% used [0x00000000e4a00000,0x00000000e5261a10,0x00000000e5400000)
  to   space 10240K, 0% used [0x00000000e4000000,0x00000000e4000000,0x00000000e4a00000)
 ParOldGen       total 59392K, used 8511K [0x00000000a0000000, 0x00000000a3a00000, 0x00000000e0000000)
  object space 59392K, 14% used [0x00000000a0000000,0x00000000a084fd60,0x00000000a3a00000)
 Metaspace       used 34705K, capacity 35392K, committed 35456K, reserved 1079296K
  class space    used 4778K, capacity 4991K, committed 4992K, reserved 1048576K
Event: 11.340 GC heap after
Heap after GC invocations=10 (full 1):
 PSYoungGen      total 75776K, used 10156K [0x00000000e0000000, 0x00000000e5400000, 0x0000000100000000)
  eden space 65536K, 0% used [0x00000000e0000000,0x00000000e0000000,0x00000000e4000000)
  from space 10240K, 99% used [0x00000000e4000000,0x00000000e49eb3b8,0x00000000e4a00000)
  to   space 10240K, 0% used [0x00000000e4a00000,0x00000000e4a00000,0x00000000e5400000)
 ParOldGen       total 59392K, used 8519K [0x00000000a0000000, 0x00000000a3a00000, 0x00000000e0000000)
  object space 59392K, 14% used [0x00000000a0000000,0x00000000a0851d60,0x00000000a3a00000)
 Metaspace       used 34705K, capacity 35392K, committed 35456K, reserved 1079296K
  class space    used 4778K, capacity 4991K, committed 4992K, reserved 1048576K
}
Event: 11.340 GC heap before
{Heap before GC invocations=11 (full 2):
 PSYoungGen      total 75776K, used 10156K [0x00000000e0000000, 0x00000000e5400000, 0x0000000100000000)
  eden space 65536K, 0% used [0x00000000e0000000,0x00000000e0000000,0x00000000e4000000)
  from space 10240K, 99% used [0x00000000e4000000,0x00000000e49eb3b8,0x00000000e4a00000)
  to   space 10240K, 0% used [0x00000000e4a00000,0x00000000e4a00000,0x00000000e5400000)
 ParOldGen       total 59392K, used 8519K [0x00000000a0000000, 0x00000000a3a00000, 0x00000000e0000000)
  object space 59392K, 14% used [0x00000000a0000000,0x00000000a0851d60,0x00000000a3a00000)
 Metaspace       used 34705K, capacity 35392K, committed 35456K, reserved 1079296K
  class space    used 4778K, capacity 4991K, committed 4992K, reserved 1048576K
Event: 11.443 GC heap after
Heap after GC invocations=11 (full 2):
 PSYoungGen      total 75776K, used 0K [0x00000000e0000000, 0x00000000e5400000, 0x0000000100000000)
  eden space 65536K, 0% used [0x00000000e0000000,0x00000000e0000000,0x00000000e4000000)
  from space 10240K, 0% used [0x00000000e4000000,0x00000000e4000000,0x00000000e4a00000)
  to   space 10240K, 0% used [0x00000000e4a00000,0x00000000e4a00000,0x00000000e5400000)
 ParOldGen       total 59392K, used 17048K [0x00000000a0000000, 0x00000000a3a00000, 0x00000000e0000000)
  object space 59392K, 28% used [0x00000000a0000000,0x00000000a10a61a0,0x00000000a3a00000)
 Metaspace       used 34703K, capacity 35386K, committed 35456K, reserved 1079296K
  class space    used 4778K, capacity 4990K, committed 4992K, reserved 1048576K
}
Event: 16.429 GC heap before
{Heap before GC invocations=12 (full 2):
 PSYoungGen      total 75776K, used 65536K [0x00000000e0000000, 0x00000000e5400000, 0x0000000100000000)
  eden space 65536K, 100% used [0x00000000e0000000,0x00000000e4000000,0x00000000e4000000)
  from space 10240K, 0% used [0x00000000e4000000,0x00000000e4000000,0x00000000e4a00000)
  to   space 10240K, 0% used [0x00000000e4a00000,0x00000000e4a00000,0x00000000e5400000)
 ParOldGen       total 59392K, used 17048K [0x00000000a0000000, 0x00000000a3a00000, 0x00000000e0000000)
  object space 59392K, 28% used [0x00000000a0000000,0x00000000a10a61a0,0x00000000a3a00000)
 Metaspace       used 42460K, capacity 43366K, committed 43648K, reserved 1087488K
  class space    used 5750K, capacity 5993K, committed 6016K, reserved 1048576K
Event: 16.441 GC heap after
Heap after GC invocations=12 (full 2):
 PSYoungGen      total 75776K, used 10209K [0x00000000e0000000, 0x00000000e5400000, 0x0000000100000000)
  eden space 65536K, 0% used [0x00000000e0000000,0x00000000e0000000,0x00000000e4000000)
  from space 10240K, 99% used [0x00000000e4a00000,0x00000000e53f8688,0x00000000e5400000)
  to   space 10240K, 0% used [0x00000000e4000000,0x00000000e4000000,0x00000000e4a00000)
 ParOldGen       total 59392K, used 18294K [0x00000000a0000000, 0x00000000a3a00000, 0x00000000e0000000)
  object space 59392K, 30% used [0x00000000a0000000,0x00000000a11ddbd0,0x00000000a3a00000)
 Metaspace       used 42460K, capacity 43366K, committed 43648K, reserved 1087488K
  class space    used 5750K, capacity 5993K, committed 6016K, reserved 1048576K
}

